<?xml version="1.0" encoding="UTF-8"?>
<!-- Generated by org.testng.reporters.JUnitReportReporter -->
<testsuite skipped="0" hostname="DESKTOP-TJTR8G5" name="register_User.R_UserRegiterExcel" tests="3" failures="0" timestamp="2023-04-23T10:46:31 BST" time="20.030" errors="0">
  <testcase name="UserRegisterOK" time="7.210" classname="register_User.R_UserRegiterExcel"/>
  <system-out/>
  <testcase name="UserRegisterOK" time="6.766" classname="register_User.R_UserRegiterExcel"/>
  <system-out/>
  <testcase name="UserRegisterOK" time="6.054" classname="register_User.R_UserRegiterExcel"/>
  <system-out/>
</testsuite> <!-- register_User.R_UserRegiterExcel -->
