<?xml version="1.0" encoding="UTF-8"?>
<!-- Generated by org.testng.reporters.JUnitReportReporter -->
<testsuite skipped="0" hostname="DESKTOP-TJTR8G5" name="register_User.R_UserRegiterExcel" tests="3" failures="0" timestamp="2023-04-24T19:55:52 BST" time="27.392" errors="0">
  <testcase name="UserRegisterOK" time="7.876" classname="register_User.R_UserRegiterExcel"/>
  <system-out/>
  <testcase name="UserRegisterOK" time="10.461" classname="register_User.R_UserRegiterExcel"/>
  <system-out/>
  <testcase name="UserRegisterOK" time="9.055" classname="register_User.R_UserRegiterExcel"/>
  <system-out/>
</testsuite> <!-- register_User.R_UserRegiterExcel -->
