<?xml version="1.0" encoding="UTF-8"?>
<!-- Generated by org.testng.reporters.JUnitReportReporter -->
<testsuite hostname="DESKTOP-TJTR8G5" failures="0" tests="3" name="register_User.R_UserRegiterExcel" time="19.312" errors="0" timestamp="2023-04-25T22:28:53 BST" skipped="0">
  <testcase classname="register_User.R_UserRegiterExcel" name="UserRegisterOK" time="7.107"/>
  <system-out/>
  <testcase classname="register_User.R_UserRegiterExcel" name="UserRegisterOK" time="6.073"/>
  <system-out/>
  <testcase classname="register_User.R_UserRegiterExcel" name="UserRegisterOK" time="6.132"/>
  <system-out/>
</testsuite> <!-- register_User.R_UserRegiterExcel -->
