<?xml version="1.0" encoding="UTF-8"?>
<!-- Generated by org.testng.reporters.JUnitReportReporter -->
<testsuite hostname="DESKTOP-TJTR8G5" failures="0" tests="3" name="register_User.R_UserRegiterExcel" time="18.442" errors="0" timestamp="2023-04-25T14:22:28 BST" skipped="0">
  <testcase classname="register_User.R_UserRegiterExcel" name="UserRegisterOK" time="6.549"/>
  <system-out/>
  <testcase classname="register_User.R_UserRegiterExcel" name="UserRegisterOK" time="6.143"/>
  <system-out/>
  <testcase classname="register_User.R_UserRegiterExcel" name="UserRegisterOK" time="5.750"/>
  <system-out/>
</testsuite> <!-- register_User.R_UserRegiterExcel -->
