<?xml version="1.0" encoding="UTF-8"?>
<!-- Generated by org.testng.reporters.JUnitReportReporter -->
<testsuite skipped="0" hostname="DESKTOP-TJTR8G5" name="register_User.R_UserRegiterExcel" tests="3" failures="0" timestamp="2023-04-23T23:09:03 BST" time="19.162" errors="0">
  <testcase name="UserRegisterOK" time="7.166" classname="register_User.R_UserRegiterExcel"/>
  <system-out/>
  <testcase name="UserRegisterOK" time="5.977" classname="register_User.R_UserRegiterExcel"/>
  <system-out/>
  <testcase name="UserRegisterOK" time="6.019" classname="register_User.R_UserRegiterExcel"/>
  <system-out/>
</testsuite> <!-- register_User.R_UserRegiterExcel -->
